Flow report for gpu
Wed Sep 24 21:37:17 2025
Quartus Prime Version 20.1.1 Build 720 11/11/2020 SJ Lite Edition


---------------------
; Table of Contents ;
---------------------
  1. Legal Notice
  2. Flow Summary
  3. Flow Settings
  4. Flow Non-Default Global Settings
  5. Flow Elapsed Time
  6. Flow OS Summary
  7. Flow Log
  8. Flow Messages
  9. Flow Suppressed Messages



----------------
; Legal Notice ;
----------------
Copyright (C) 2020  Intel Corporation. All rights reserved.
Your use of Intel Corporation's design tools, logic functions 
and other software and tools, and any partner logic 
functions, and any output files from any of the foregoing 
(including device programming or simulation files), and any 
associated documentation or information are expressly subject 
to the terms and conditions of the Intel Program License 
Subscription Agreement, the Intel Quartus Prime License Agreement,
the Intel FPGA IP License Agreement, or other applicable license
agreement, including, without limitation, that your use is for
the sole purpose of programming logic devices manufactured by
Intel and sold by Intel or its authorized distributors.  Please
refer to the applicable agreement for further details, at
https://fpgasoftware.intel.com/eula.



+----------------------------------------------------------------------------------+
; Flow Summary                                                                     ;
+------------------------------------+---------------------------------------------+
; Flow Status                        ; Successful - Wed Sep 24 21:37:17 2025       ;
; Quartus Prime Version              ; 20.1.1 Build 720 11/11/2020 SJ Lite Edition ;
; Revision Name                      ; gpu                                         ;
; Top-level Entity Name              ; core_RAM_dut                                ;
; Family                             ; MAX 10                                      ;
; Device                             ; 10M08DAF484C8G                              ;
; Timing Models                      ; Final                                       ;
; Total logic elements               ; 1,815 / 8,064 ( 23 % )                      ;
;     Total combinational functions  ; 1,656 / 8,064 ( 21 % )                      ;
;     Dedicated logic registers      ; 824 / 8,064 ( 10 % )                        ;
; Total registers                    ; 824                                         ;
; Total pins                         ; 21 / 250 ( 8 % )                            ;
; Total virtual pins                 ; 0                                           ;
; Total memory bits                  ; 4,224 / 387,072 ( 1 % )                     ;
; Embedded Multiplier 9-bit elements ; 4 / 48 ( 8 % )                              ;
; Total PLLs                         ; 0 / 2 ( 0 % )                               ;
; UFM blocks                         ; 0 / 1 ( 0 % )                               ;
; ADC blocks                         ; 0 / 1 ( 0 % )                               ;
+------------------------------------+---------------------------------------------+


+-----------------------------------------+
; Flow Settings                           ;
+-------------------+---------------------+
; Option            ; Setting             ;
+-------------------+---------------------+
; Start date & time ; 09/24/2025 21:36:47 ;
; Main task         ; Compilation         ;
; Revision Name     ; gpu                 ;
+-------------------+---------------------+


+--------------------------------------------------------------------------------------------------------------------------------------------------+
; Flow Non-Default Global Settings                                                                                                                 ;
+--------------------------------------+----------------------------------------+---------------+--------------+-----------------------------------+
; Assignment Name                      ; Value                                  ; Default Value ; Entity Name  ; Section Id                        ;
+--------------------------------------+----------------------------------------+---------------+--------------+-----------------------------------+
; COMPILER_SIGNATURE_ID                ; 1098173546332.175873000615380          ; --            ; --           ; --                                ;
; EDA_DESIGN_INSTANCE_NAME             ; NA                                     ; --            ; --           ; core_sim_2                        ;
; EDA_DESIGN_INSTANCE_NAME             ; NA                                     ; --            ; --           ; core_sim                          ;
; EDA_GENERATE_FUNCTIONAL_NETLIST      ; Off                                    ; --            ; --           ; eda_board_design_timing           ;
; EDA_GENERATE_FUNCTIONAL_NETLIST      ; Off                                    ; --            ; --           ; eda_board_design_boundary_scan    ;
; EDA_GENERATE_FUNCTIONAL_NETLIST      ; Off                                    ; --            ; --           ; eda_board_design_signal_integrity ;
; EDA_GENERATE_FUNCTIONAL_NETLIST      ; Off                                    ; --            ; --           ; eda_board_design_symbol           ;
; EDA_NATIVELINK_SIMULATION_TEST_BENCH ; core_sim_2                             ; --            ; --           ; eda_simulation                    ;
; EDA_OUTPUT_DATA_FORMAT               ; Vhdl                                   ; --            ; --           ; eda_simulation                    ;
; EDA_SIMULATION_RUN_SCRIPT            ; sim_src/core_sim_2.tcl                 ; --            ; --           ; eda_simulation                    ;
; EDA_SIMULATION_TOOL                  ; ModelSim-Altera (VHDL)                 ; <None>        ; --           ; --                                ;
; EDA_TEST_BENCH_ENABLE_STATUS         ; COMMAND_MACRO_MODE                     ; --            ; --           ; eda_simulation                    ;
; EDA_TEST_BENCH_FILE                  ; src/core.vhd                           ; --            ; --           ; core_sim_2                        ;
; EDA_TEST_BENCH_FILE                  ; mem_sim/data_mem_ram.vhd               ; --            ; --           ; core_sim_2                        ;
; EDA_TEST_BENCH_FILE                  ; mem_sim/prog_mem_rom.vhd               ; --            ; --           ; core_sim_2                        ;
; EDA_TEST_BENCH_FILE                  ; mem_sim/core_RAM_dut.vhd               ; --            ; --           ; core_sim_2                        ;
; EDA_TEST_BENCH_FILE                  ; mem_sim/core_sim_2.vhd                 ; --            ; --           ; core_sim_2                        ;
; EDA_TEST_BENCH_FILE                  ; src/core.vhd                           ; --            ; --           ; core_sim                          ;
; EDA_TEST_BENCH_FILE                  ; mem_sim/data_mem.vhd                   ; --            ; --           ; core_sim                          ;
; EDA_TEST_BENCH_FILE                  ; mem_sim/prog_mem.vhd                   ; --            ; --           ; core_sim                          ;
; EDA_TEST_BENCH_FILE                  ; src/core_sim.vhd                       ; --            ; --           ; core_sim                          ;
; EDA_TEST_BENCH_MODULE_NAME           ; core_sim_2                             ; --            ; --           ; core_sim_2                        ;
; EDA_TEST_BENCH_MODULE_NAME           ; core_sim                               ; --            ; --           ; core_sim                          ;
; EDA_TEST_BENCH_NAME                  ; core_sim                               ; --            ; --           ; eda_simulation                    ;
; EDA_TEST_BENCH_NAME                  ; core_sim_2                             ; --            ; --           ; eda_simulation                    ;
; EDA_TIME_SCALE                       ; 1 ps                                   ; --            ; --           ; eda_simulation                    ;
; MAX_CORE_JUNCTION_TEMP               ; 85                                     ; --            ; --           ; --                                ;
; MIN_CORE_JUNCTION_TEMP               ; 0                                      ; --            ; --           ; --                                ;
; NUM_PARALLEL_PROCESSORS              ; All                                    ; --            ; --           ; --                                ;
; OUTPUT_IO_TIMING_FAR_END_VMEAS       ; Half Signal Swing                      ; --            ; --           ; --                                ;
; OUTPUT_IO_TIMING_FAR_END_VMEAS       ; Half Signal Swing                      ; --            ; --           ; --                                ;
; OUTPUT_IO_TIMING_NEAR_END_VMEAS      ; Half Vccio                             ; --            ; --           ; --                                ;
; OUTPUT_IO_TIMING_NEAR_END_VMEAS      ; Half Vccio                             ; --            ; --           ; --                                ;
; PARTITION_COLOR                      ; -- (Not supported for targeted family) ; --            ; core_RAM_dut ; Top                               ;
; PARTITION_FITTER_PRESERVATION_LEVEL  ; -- (Not supported for targeted family) ; --            ; core_RAM_dut ; Top                               ;
; PARTITION_NETLIST_TYPE               ; -- (Not supported for targeted family) ; --            ; core_RAM_dut ; Top                               ;
; POWER_BOARD_THERMAL_MODEL            ; None (CONSERVATIVE)                    ; --            ; --           ; --                                ;
; POWER_PRESET_COOLING_SOLUTION        ; 23 MM HEAT SINK WITH 200 LFPM AIRFLOW  ; --            ; --           ; --                                ;
; PROJECT_OUTPUT_DIRECTORY             ; output_files                           ; --            ; --           ; --                                ;
; TOP_LEVEL_ENTITY                     ; core_RAM_dut                           ; gpu           ; --           ; --                                ;
; VHDL_INPUT_VERSION                   ; VHDL_2008                              ; VHDL_1993     ; --           ; --                                ;
; VHDL_SHOW_LMF_MAPPING_MESSAGES       ; Off                                    ; --            ; --           ; --                                ;
+--------------------------------------+----------------------------------------+---------------+--------------+-----------------------------------+


+--------------------------------------------------------------------------------------------------------------------------+
; Flow Elapsed Time                                                                                                        ;
+----------------------+--------------+-------------------------+---------------------+------------------------------------+
; Module Name          ; Elapsed Time ; Average Processors Used ; Peak Virtual Memory ; Total CPU Time (on all processors) ;
+----------------------+--------------+-------------------------+---------------------+------------------------------------+
; Analysis & Synthesis ; 00:00:12     ; 1.0                     ; 4912 MB             ; 00:00:17                           ;
; Fitter               ; 00:00:09     ; 2.5                     ; 6549 MB             ; 00:00:13                           ;
; Assembler            ; 00:00:00     ; 1.0                     ; 4696 MB             ; 00:00:01                           ;
; Timing Analyzer      ; 00:00:03     ; 4.2                     ; 4954 MB             ; 00:00:03                           ;
; EDA Netlist Writer   ; 00:00:00     ; 1.0                     ; 4667 MB             ; 00:00:01                           ;
; Total                ; 00:00:24     ; --                      ; --                  ; 00:00:35                           ;
+----------------------+--------------+-------------------------+---------------------+------------------------------------+


+------------------------------------------------------------------------------------+
; Flow OS Summary                                                                    ;
+----------------------+------------------+------------+------------+----------------+
; Module Name          ; Machine Hostname ; OS Name    ; OS Version ; Processor type ;
+----------------------+------------------+------------+------------+----------------+
; Analysis & Synthesis ; sidlap2          ; Windows 10 ; 10.0       ; x86_64         ;
; Fitter               ; sidlap2          ; Windows 10 ; 10.0       ; x86_64         ;
; Assembler            ; sidlap2          ; Windows 10 ; 10.0       ; x86_64         ;
; Timing Analyzer      ; sidlap2          ; Windows 10 ; 10.0       ; x86_64         ;
; EDA Netlist Writer   ; sidlap2          ; Windows 10 ; 10.0       ; x86_64         ;
+----------------------+------------------+------------+------------+----------------+


------------
; Flow Log ;
------------
quartus_map --read_settings_files=on --write_settings_files=off miniGPU -c gpu
quartus_fit --read_settings_files=off --write_settings_files=off miniGPU -c gpu
quartus_asm --read_settings_files=off --write_settings_files=off miniGPU -c gpu
quartus_sta miniGPU -c gpu
quartus_eda --read_settings_files=off --write_settings_files=off miniGPU -c gpu



